\BOOKMARK [1][-]{section.1}{Introduction}{}
\BOOKMARK [1][-]{section.2}{Properties of the projective contents explored in the experiments}{}
\BOOKMARK [1][-]{section.3}{Experiments 1a and 1b}{}
\BOOKMARK [2][-]{subsection.3.1}{Experiment 1a}{section.3}
\BOOKMARK [3][-]{subsubsection.3.1.1}{Methods}{subsection.3.1}
\BOOKMARK [3][-]{subsubsection.3.1.2}{Analysis}{subsection.3.1}
\BOOKMARK [3][-]{subsubsection.3.1.3}{Results}{subsection.3.1}
\BOOKMARK [3][-]{subsubsection.3.1.4}{Discussion}{subsection.3.1}
\BOOKMARK [2][-]{subsection.3.2}{Experiment 1b}{section.3}
\BOOKMARK [3][-]{subsubsection.3.2.1}{Methods}{subsection.3.2}
\BOOKMARK [3][-]{subsubsection.3.2.2}{Analysis}{subsection.3.2}
\BOOKMARK [3][-]{subsubsection.3.2.3}{Results}{subsection.3.2}
\BOOKMARK [3][-]{subsubsection.3.2.4}{Discussion}{subsection.3.2}
\BOOKMARK [1][-]{section.4}{Confirming the correlation with information structure}{}
\BOOKMARK [2][-]{subsection.4.1}{Experiment 2a}{section.4}
\BOOKMARK [3][-]{subsubsection.4.1.1}{Methods}{subsection.4.1}
\BOOKMARK [3][-]{subsubsection.4.1.2}{Analysis}{subsection.4.1}
\BOOKMARK [3][-]{subsubsection.4.1.3}{Results}{subsection.4.1}
\BOOKMARK [3][-]{subsubsection.4.1.4}{Discussion}{subsection.4.1}
\BOOKMARK [2][-]{subsection.4.2}{Experiment 2b}{section.4}
\BOOKMARK [3][-]{subsubsection.4.2.1}{Methods}{subsection.4.2}
\BOOKMARK [3][-]{subsubsection.4.2.2}{Analysis}{subsection.4.2}
\BOOKMARK [3][-]{subsubsection.4.2.3}{Results}{subsection.4.2}
\BOOKMARK [3][-]{subsubsection.4.2.4}{Discussion}{subsection.4.2}
\BOOKMARK [1][-]{section.5}{Discussion}{}
\BOOKMARK [1][-]{section.A}{Experiment 1a/2a stimuli}{}
